<?xml version="1.0" encoding="UTF-8"?>
<!-- Generated by org.testng.reporters.JUnitReportReporter -->
<testsuite hostname="DESKTOP-6KAD476" name="fortest.SuccessfullBookingTest" tests="1" failures="0" timestamp="26 Jun 2018 18:52:43 GMT" time="1.031" errors="0">
  <testcase name="validateSuccessfullBookingTest" time="1.031" classname="fortest.SuccessfullBookingTest"/>
</testsuite> <!-- fortest.SuccessfullBookingTest -->
