<?xml version="1.0" encoding="UTF-8"?>
<!-- Generated by org.testng.reporters.JUnitReportReporter -->
<testsuite hostname="DESKTOP-6KAD476" name="fortest.BookingCancellationTest" tests="1" failures="0" timestamp="26 Jun 2018 18:52:43 GMT" time="0.333" errors="0">
  <testcase name="validateBookingCancellation" time="0.333" classname="fortest.BookingCancellationTest"/>
</testsuite> <!-- fortest.BookingCancellationTest -->
